[07-Oct-2015 20:17:05 UTC] PHP Notice:  Undefined property: stdClass::$_latest_version in /var/www/vhosts/client_sites/RGN/goldwater-law-firm-2015/wp-content/plugins/LayerSlider/classes/class.km.autoupdate.v3.php on line 183
[19-Oct-2015 17:47:33 UTC] PHP Notice:  Undefined index: phone in /var/www/vhosts/client_sites/RGN/goldwater-law-firm-2015/wp-content/themes/fortuna/includes/boc_widgets.php on line 156
[19-Oct-2015 17:47:33 UTC] PHP Notice:  Undefined index: email in /var/www/vhosts/client_sites/RGN/goldwater-law-firm-2015/wp-content/themes/fortuna/includes/boc_widgets.php on line 160
[19-Oct-2015 17:47:33 UTC] PHP Notice:  Undefined index: address in /var/www/vhosts/client_sites/RGN/goldwater-law-firm-2015/wp-content/themes/fortuna/includes/boc_widgets.php on line 164
[19-Oct-2015 17:47:33 UTC] PHP Notice:  Undefined index: count in /var/www/vhosts/client_sites/RGN/goldwater-law-firm-2015/wp-content/themes/fortuna/includes/boc_widgets.php on line 70
[19-Oct-2015 17:47:36 UTC] PHP Notice:  Undefined index: phone in /var/www/vhosts/client_sites/RGN/goldwater-law-firm-2015/wp-content/themes/fortuna/includes/boc_widgets.php on line 156
[19-Oct-2015 17:47:36 UTC] PHP Notice:  Undefined index: email in /var/www/vhosts/client_sites/RGN/goldwater-law-firm-2015/wp-content/themes/fortuna/includes/boc_widgets.php on line 160
[19-Oct-2015 17:47:36 UTC] PHP Notice:  Undefined index: address in /var/www/vhosts/client_sites/RGN/goldwater-law-firm-2015/wp-content/themes/fortuna/includes/boc_widgets.php on line 164
[19-Oct-2015 17:47:36 UTC] PHP Notice:  Undefined index: count in /var/www/vhosts/client_sites/RGN/goldwater-law-firm-2015/wp-content/themes/fortuna/includes/boc_widgets.php on line 70
[19-Oct-2015 17:47:37 UTC] PHP Notice:  Undefined index: phone in /var/www/vhosts/client_sites/RGN/goldwater-law-firm-2015/wp-content/themes/fortuna/includes/boc_widgets.php on line 156
[19-Oct-2015 17:47:37 UTC] PHP Notice:  Undefined index: email in /var/www/vhosts/client_sites/RGN/goldwater-law-firm-2015/wp-content/themes/fortuna/includes/boc_widgets.php on line 160
[19-Oct-2015 17:47:37 UTC] PHP Notice:  Undefined index: address in /var/www/vhosts/client_sites/RGN/goldwater-law-firm-2015/wp-content/themes/fortuna/includes/boc_widgets.php on line 164
[19-Oct-2015 17:47:37 UTC] PHP Notice:  Undefined index: count in /var/www/vhosts/client_sites/RGN/goldwater-law-firm-2015/wp-content/themes/fortuna/includes/boc_widgets.php on line 70
[19-Oct-2015 17:47:38 UTC] PHP Notice:  Undefined index: phone in /var/www/vhosts/client_sites/RGN/goldwater-law-firm-2015/wp-content/themes/fortuna/includes/boc_widgets.php on line 156
[19-Oct-2015 17:47:38 UTC] PHP Notice:  Undefined index: email in /var/www/vhosts/client_sites/RGN/goldwater-law-firm-2015/wp-content/themes/fortuna/includes/boc_widgets.php on line 160
[19-Oct-2015 17:47:38 UTC] PHP Notice:  Undefined index: address in /var/www/vhosts/client_sites/RGN/goldwater-law-firm-2015/wp-content/themes/fortuna/includes/boc_widgets.php on line 164
[19-Oct-2015 17:47:38 UTC] PHP Notice:  Undefined index: count in /var/www/vhosts/client_sites/RGN/goldwater-law-firm-2015/wp-content/themes/fortuna/includes/boc_widgets.php on line 70
[19-Oct-2015 17:47:55 UTC] PHP Notice:  Undefined index: phone in /var/www/vhosts/client_sites/RGN/goldwater-law-firm-2015/wp-content/themes/fortuna/includes/boc_widgets.php on line 156
[19-Oct-2015 17:47:55 UTC] PHP Notice:  Undefined index: email in /var/www/vhosts/client_sites/RGN/goldwater-law-firm-2015/wp-content/themes/fortuna/includes/boc_widgets.php on line 160
[19-Oct-2015 17:47:55 UTC] PHP Notice:  Undefined index: address in /var/www/vhosts/client_sites/RGN/goldwater-law-firm-2015/wp-content/themes/fortuna/includes/boc_widgets.php on line 164
[19-Oct-2015 17:47:55 UTC] PHP Notice:  Undefined index: count in /var/www/vhosts/client_sites/RGN/goldwater-law-firm-2015/wp-content/themes/fortuna/includes/boc_widgets.php on line 70
[19-Oct-2015 17:47:56 UTC] PHP Notice:  Undefined index: phone in /var/www/vhosts/client_sites/RGN/goldwater-law-firm-2015/wp-content/themes/fortuna/includes/boc_widgets.php on line 156
[19-Oct-2015 17:47:56 UTC] PHP Notice:  Undefined index: email in /var/www/vhosts/client_sites/RGN/goldwater-law-firm-2015/wp-content/themes/fortuna/includes/boc_widgets.php on line 160
[19-Oct-2015 17:47:56 UTC] PHP Notice:  Undefined index: address in /var/www/vhosts/client_sites/RGN/goldwater-law-firm-2015/wp-content/themes/fortuna/includes/boc_widgets.php on line 164
[19-Oct-2015 17:47:56 UTC] PHP Notice:  Undefined index: count in /var/www/vhosts/client_sites/RGN/goldwater-law-firm-2015/wp-content/themes/fortuna/includes/boc_widgets.php on line 70
[19-Oct-2015 17:50:37 UTC] PHP Notice:  Undefined index: purchase_key in /var/www/vhosts/client_sites/RGN/goldwater-law-firm-2015/wp-content/plugins/parallax_video_backgrounds_vc/admin/auto-update/updater.php on line 97
[19-Oct-2015 17:50:37 UTC] PHP Notice:  Undefined variable: bsf_user_email in /var/www/vhosts/client_sites/RGN/goldwater-law-firm-2015/wp-content/plugins/parallax_video_backgrounds_vc/admin/auto-update/updater.php on line 98
[19-Oct-2015 17:50:37 UTC] PHP Notice:  Undefined variable: bsf_user_name in /var/www/vhosts/client_sites/RGN/goldwater-law-firm-2015/wp-content/plugins/parallax_video_backgrounds_vc/admin/auto-update/updater.php on line 99
[19-Oct-2015 17:50:37 UTC] PHP Notice:  Undefined property: stdClass::$short_name in /var/www/vhosts/client_sites/RGN/goldwater-law-firm-2015/wp-content/plugins/parallax_video_backgrounds_vc/admin/auto-update/updater.php on line 126
[19-Oct-2015 18:44:09 UTC] PHP Notice:  Undefined index: phone in /var/www/vhosts/client_sites/RGN/goldwater-law-firm-2015/wp-content/themes/fortuna/includes/boc_widgets.php on line 156
[19-Oct-2015 18:44:09 UTC] PHP Notice:  Undefined index: email in /var/www/vhosts/client_sites/RGN/goldwater-law-firm-2015/wp-content/themes/fortuna/includes/boc_widgets.php on line 160
[19-Oct-2015 18:44:09 UTC] PHP Notice:  Undefined index: address in /var/www/vhosts/client_sites/RGN/goldwater-law-firm-2015/wp-content/themes/fortuna/includes/boc_widgets.php on line 164
[19-Oct-2015 18:44:09 UTC] PHP Notice:  Undefined index: count in /var/www/vhosts/client_sites/RGN/goldwater-law-firm-2015/wp-content/themes/fortuna/includes/boc_widgets.php on line 70
[19-Oct-2015 18:44:13 UTC] PHP Notice:  Undefined index: phone in /var/www/vhosts/client_sites/RGN/goldwater-law-firm-2015/wp-content/themes/fortuna/includes/boc_widgets.php on line 156
[19-Oct-2015 18:44:13 UTC] PHP Notice:  Undefined index: email in /var/www/vhosts/client_sites/RGN/goldwater-law-firm-2015/wp-content/themes/fortuna/includes/boc_widgets.php on line 160
[19-Oct-2015 18:44:13 UTC] PHP Notice:  Undefined index: address in /var/www/vhosts/client_sites/RGN/goldwater-law-firm-2015/wp-content/themes/fortuna/includes/boc_widgets.php on line 164
[19-Oct-2015 18:44:13 UTC] PHP Notice:  Undefined index: count in /var/www/vhosts/client_sites/RGN/goldwater-law-firm-2015/wp-content/themes/fortuna/includes/boc_widgets.php on line 70
[19-Oct-2015 18:44:14 UTC] PHP Notice:  Undefined index: phone in /var/www/vhosts/client_sites/RGN/goldwater-law-firm-2015/wp-content/themes/fortuna/includes/boc_widgets.php on line 156
[19-Oct-2015 18:44:14 UTC] PHP Notice:  Undefined index: email in /var/www/vhosts/client_sites/RGN/goldwater-law-firm-2015/wp-content/themes/fortuna/includes/boc_widgets.php on line 160
[19-Oct-2015 18:44:14 UTC] PHP Notice:  Undefined index: address in /var/www/vhosts/client_sites/RGN/goldwater-law-firm-2015/wp-content/themes/fortuna/includes/boc_widgets.php on line 164
[19-Oct-2015 18:44:14 UTC] PHP Notice:  Undefined index: count in /var/www/vhosts/client_sites/RGN/goldwater-law-firm-2015/wp-content/themes/fortuna/includes/boc_widgets.php on line 70
[19-Oct-2015 18:44:16 UTC] PHP Notice:  Undefined index: phone in /var/www/vhosts/client_sites/RGN/goldwater-law-firm-2015/wp-content/themes/fortuna/includes/boc_widgets.php on line 156
[19-Oct-2015 18:44:16 UTC] PHP Notice:  Undefined index: email in /var/www/vhosts/client_sites/RGN/goldwater-law-firm-2015/wp-content/themes/fortuna/includes/boc_widgets.php on line 160
[19-Oct-2015 18:44:16 UTC] PHP Notice:  Undefined index: address in /var/www/vhosts/client_sites/RGN/goldwater-law-firm-2015/wp-content/themes/fortuna/includes/boc_widgets.php on line 164
[19-Oct-2015 18:44:16 UTC] PHP Notice:  Undefined index: count in /var/www/vhosts/client_sites/RGN/goldwater-law-firm-2015/wp-content/themes/fortuna/includes/boc_widgets.php on line 70
[19-Oct-2015 18:44:18 UTC] PHP Notice:  Undefined index: phone in /var/www/vhosts/client_sites/RGN/goldwater-law-firm-2015/wp-content/themes/fortuna/includes/boc_widgets.php on line 156
[19-Oct-2015 18:44:18 UTC] PHP Notice:  Undefined index: email in /var/www/vhosts/client_sites/RGN/goldwater-law-firm-2015/wp-content/themes/fortuna/includes/boc_widgets.php on line 160
[19-Oct-2015 18:44:18 UTC] PHP Notice:  Undefined index: address in /var/www/vhosts/client_sites/RGN/goldwater-law-firm-2015/wp-content/themes/fortuna/includes/boc_widgets.php on line 164
[19-Oct-2015 18:44:18 UTC] PHP Notice:  Undefined index: count in /var/www/vhosts/client_sites/RGN/goldwater-law-firm-2015/wp-content/themes/fortuna/includes/boc_widgets.php on line 70
[19-Oct-2015 18:44:19 UTC] PHP Notice:  Undefined index: phone in /var/www/vhosts/client_sites/RGN/goldwater-law-firm-2015/wp-content/themes/fortuna/includes/boc_widgets.php on line 156
[19-Oct-2015 18:44:19 UTC] PHP Notice:  Undefined index: email in /var/www/vhosts/client_sites/RGN/goldwater-law-firm-2015/wp-content/themes/fortuna/includes/boc_widgets.php on line 160
[19-Oct-2015 18:44:19 UTC] PHP Notice:  Undefined index: address in /var/www/vhosts/client_sites/RGN/goldwater-law-firm-2015/wp-content/themes/fortuna/includes/boc_widgets.php on line 164
[19-Oct-2015 18:44:19 UTC] PHP Notice:  Undefined index: count in /var/www/vhosts/client_sites/RGN/goldwater-law-firm-2015/wp-content/themes/fortuna/includes/boc_widgets.php on line 70
[19-Oct-2015 18:44:20 UTC] PHP Notice:  Undefined index: phone in /var/www/vhosts/client_sites/RGN/goldwater-law-firm-2015/wp-content/themes/fortuna/includes/boc_widgets.php on line 156
[19-Oct-2015 18:44:20 UTC] PHP Notice:  Undefined index: email in /var/www/vhosts/client_sites/RGN/goldwater-law-firm-2015/wp-content/themes/fortuna/includes/boc_widgets.php on line 160
[19-Oct-2015 18:44:20 UTC] PHP Notice:  Undefined index: address in /var/www/vhosts/client_sites/RGN/goldwater-law-firm-2015/wp-content/themes/fortuna/includes/boc_widgets.php on line 164
[19-Oct-2015 18:44:20 UTC] PHP Notice:  Undefined index: count in /var/www/vhosts/client_sites/RGN/goldwater-law-firm-2015/wp-content/themes/fortuna/includes/boc_widgets.php on line 70
[19-Oct-2015 20:45:36 UTC] PHP Notice:  Undefined index: phone in /var/www/vhosts/client_sites/RGN/goldwater-law-firm-2015/wp-content/themes/fortuna/includes/boc_widgets.php on line 156
[19-Oct-2015 20:45:36 UTC] PHP Notice:  Undefined index: email in /var/www/vhosts/client_sites/RGN/goldwater-law-firm-2015/wp-content/themes/fortuna/includes/boc_widgets.php on line 160
[19-Oct-2015 20:45:36 UTC] PHP Notice:  Undefined index: address in /var/www/vhosts/client_sites/RGN/goldwater-law-firm-2015/wp-content/themes/fortuna/includes/boc_widgets.php on line 164
[19-Oct-2015 20:45:36 UTC] PHP Notice:  Undefined index: count in /var/www/vhosts/client_sites/RGN/goldwater-law-firm-2015/wp-content/themes/fortuna/includes/boc_widgets.php on line 70
[19-Oct-2015 20:45:39 UTC] PHP Notice:  Undefined index: phone in /var/www/vhosts/client_sites/RGN/goldwater-law-firm-2015/wp-content/themes/fortuna/includes/boc_widgets.php on line 156
[19-Oct-2015 20:45:39 UTC] PHP Notice:  Undefined index: email in /var/www/vhosts/client_sites/RGN/goldwater-law-firm-2015/wp-content/themes/fortuna/includes/boc_widgets.php on line 160
[19-Oct-2015 20:45:39 UTC] PHP Notice:  Undefined index: address in /var/www/vhosts/client_sites/RGN/goldwater-law-firm-2015/wp-content/themes/fortuna/includes/boc_widgets.php on line 164
[19-Oct-2015 20:45:40 UTC] PHP Notice:  Undefined index: count in /var/www/vhosts/client_sites/RGN/goldwater-law-firm-2015/wp-content/themes/fortuna/includes/boc_widgets.php on line 70
[19-Oct-2015 20:45:40 UTC] PHP Notice:  Undefined index: phone in /var/www/vhosts/client_sites/RGN/goldwater-law-firm-2015/wp-content/themes/fortuna/includes/boc_widgets.php on line 156
[19-Oct-2015 20:45:40 UTC] PHP Notice:  Undefined index: email in /var/www/vhosts/client_sites/RGN/goldwater-law-firm-2015/wp-content/themes/fortuna/includes/boc_widgets.php on line 160
[19-Oct-2015 20:45:40 UTC] PHP Notice:  Undefined index: address in /var/www/vhosts/client_sites/RGN/goldwater-law-firm-2015/wp-content/themes/fortuna/includes/boc_widgets.php on line 164
[19-Oct-2015 20:45:40 UTC] PHP Notice:  Undefined index: count in /var/www/vhosts/client_sites/RGN/goldwater-law-firm-2015/wp-content/themes/fortuna/includes/boc_widgets.php on line 70
[19-Oct-2015 20:45:41 UTC] PHP Notice:  Undefined index: phone in /var/www/vhosts/client_sites/RGN/goldwater-law-firm-2015/wp-content/themes/fortuna/includes/boc_widgets.php on line 156
[19-Oct-2015 20:45:41 UTC] PHP Notice:  Undefined index: email in /var/www/vhosts/client_sites/RGN/goldwater-law-firm-2015/wp-content/themes/fortuna/includes/boc_widgets.php on line 160
[19-Oct-2015 20:45:41 UTC] PHP Notice:  Undefined index: address in /var/www/vhosts/client_sites/RGN/goldwater-law-firm-2015/wp-content/themes/fortuna/includes/boc_widgets.php on line 164
[19-Oct-2015 20:45:41 UTC] PHP Notice:  Undefined index: count in /var/www/vhosts/client_sites/RGN/goldwater-law-firm-2015/wp-content/themes/fortuna/includes/boc_widgets.php on line 70
[20-Oct-2015 16:09:27 UTC] PHP Notice:  Undefined index: phone in /var/www/vhosts/client_sites/RGN/goldwater-law-firm-2015/wp-content/themes/fortuna/includes/boc_widgets.php on line 156
[20-Oct-2015 16:09:27 UTC] PHP Notice:  Undefined index: email in /var/www/vhosts/client_sites/RGN/goldwater-law-firm-2015/wp-content/themes/fortuna/includes/boc_widgets.php on line 160
[20-Oct-2015 16:09:27 UTC] PHP Notice:  Undefined index: address in /var/www/vhosts/client_sites/RGN/goldwater-law-firm-2015/wp-content/themes/fortuna/includes/boc_widgets.php on line 164
[20-Oct-2015 16:09:27 UTC] PHP Notice:  Undefined index: count in /var/www/vhosts/client_sites/RGN/goldwater-law-firm-2015/wp-content/themes/fortuna/includes/boc_widgets.php on line 70
[20-Oct-2015 16:09:32 UTC] PHP Notice:  Undefined index: phone in /var/www/vhosts/client_sites/RGN/goldwater-law-firm-2015/wp-content/themes/fortuna/includes/boc_widgets.php on line 156
[20-Oct-2015 16:09:32 UTC] PHP Notice:  Undefined index: email in /var/www/vhosts/client_sites/RGN/goldwater-law-firm-2015/wp-content/themes/fortuna/includes/boc_widgets.php on line 160
[20-Oct-2015 16:09:32 UTC] PHP Notice:  Undefined index: address in /var/www/vhosts/client_sites/RGN/goldwater-law-firm-2015/wp-content/themes/fortuna/includes/boc_widgets.php on line 164
[20-Oct-2015 16:09:32 UTC] PHP Notice:  Undefined index: count in /var/www/vhosts/client_sites/RGN/goldwater-law-firm-2015/wp-content/themes/fortuna/includes/boc_widgets.php on line 70
[20-Oct-2015 16:09:33 UTC] PHP Notice:  Undefined index: phone in /var/www/vhosts/client_sites/RGN/goldwater-law-firm-2015/wp-content/themes/fortuna/includes/boc_widgets.php on line 156
[20-Oct-2015 16:09:33 UTC] PHP Notice:  Undefined index: email in /var/www/vhosts/client_sites/RGN/goldwater-law-firm-2015/wp-content/themes/fortuna/includes/boc_widgets.php on line 160
[20-Oct-2015 16:09:33 UTC] PHP Notice:  Undefined index: address in /var/www/vhosts/client_sites/RGN/goldwater-law-firm-2015/wp-content/themes/fortuna/includes/boc_widgets.php on line 164
[20-Oct-2015 16:09:33 UTC] PHP Notice:  Undefined index: count in /var/www/vhosts/client_sites/RGN/goldwater-law-firm-2015/wp-content/themes/fortuna/includes/boc_widgets.php on line 70
[20-Oct-2015 16:09:56 UTC] PHP Notice:  Undefined index: phone in /var/www/vhosts/client_sites/RGN/goldwater-law-firm-2015/wp-content/themes/fortuna/includes/boc_widgets.php on line 156
[20-Oct-2015 16:09:56 UTC] PHP Notice:  Undefined index: email in /var/www/vhosts/client_sites/RGN/goldwater-law-firm-2015/wp-content/themes/fortuna/includes/boc_widgets.php on line 160
[20-Oct-2015 16:09:56 UTC] PHP Notice:  Undefined index: address in /var/www/vhosts/client_sites/RGN/goldwater-law-firm-2015/wp-content/themes/fortuna/includes/boc_widgets.php on line 164
[20-Oct-2015 16:09:56 UTC] PHP Notice:  Undefined index: count in /var/www/vhosts/client_sites/RGN/goldwater-law-firm-2015/wp-content/themes/fortuna/includes/boc_widgets.php on line 70
[20-Oct-2015 16:09:58 UTC] PHP Notice:  Undefined index: phone in /var/www/vhosts/client_sites/RGN/goldwater-law-firm-2015/wp-content/themes/fortuna/includes/boc_widgets.php on line 156
[20-Oct-2015 16:09:58 UTC] PHP Notice:  Undefined index: email in /var/www/vhosts/client_sites/RGN/goldwater-law-firm-2015/wp-content/themes/fortuna/includes/boc_widgets.php on line 160
[20-Oct-2015 16:09:58 UTC] PHP Notice:  Undefined index: address in /var/www/vhosts/client_sites/RGN/goldwater-law-firm-2015/wp-content/themes/fortuna/includes/boc_widgets.php on line 164
[20-Oct-2015 16:09:58 UTC] PHP Notice:  Undefined index: count in /var/www/vhosts/client_sites/RGN/goldwater-law-firm-2015/wp-content/themes/fortuna/includes/boc_widgets.php on line 70
[21-Oct-2015 17:54:40 UTC] PHP Notice:  Undefined index: purchase_key in /var/www/vhosts/client_sites/RGN/goldwater-law-firm-2015/wp-content/plugins/parallax_video_backgrounds_vc/admin/auto-update/updater.php on line 97
[21-Oct-2015 17:54:40 UTC] PHP Notice:  Undefined variable: bsf_user_email in /var/www/vhosts/client_sites/RGN/goldwater-law-firm-2015/wp-content/plugins/parallax_video_backgrounds_vc/admin/auto-update/updater.php on line 98
[21-Oct-2015 17:54:40 UTC] PHP Notice:  Undefined variable: bsf_user_name in /var/www/vhosts/client_sites/RGN/goldwater-law-firm-2015/wp-content/plugins/parallax_video_backgrounds_vc/admin/auto-update/updater.php on line 99
[21-Oct-2015 17:54:41 UTC] PHP Notice:  Undefined property: stdClass::$short_name in /var/www/vhosts/client_sites/RGN/goldwater-law-firm-2015/wp-content/plugins/parallax_video_backgrounds_vc/admin/auto-update/updater.php on line 126
[23-Oct-2015 17:56:26 UTC] PHP Notice:  Undefined index: purchase_key in /var/www/vhosts/client_sites/RGN/goldwater-law-firm-2015/wp-content/plugins/parallax_video_backgrounds_vc/admin/auto-update/updater.php on line 97
[23-Oct-2015 17:56:26 UTC] PHP Notice:  Undefined variable: bsf_user_email in /var/www/vhosts/client_sites/RGN/goldwater-law-firm-2015/wp-content/plugins/parallax_video_backgrounds_vc/admin/auto-update/updater.php on line 98
[23-Oct-2015 17:56:26 UTC] PHP Notice:  Undefined variable: bsf_user_name in /var/www/vhosts/client_sites/RGN/goldwater-law-firm-2015/wp-content/plugins/parallax_video_backgrounds_vc/admin/auto-update/updater.php on line 99
[23-Oct-2015 17:56:26 UTC] PHP Notice:  Undefined property: stdClass::$short_name in /var/www/vhosts/client_sites/RGN/goldwater-law-firm-2015/wp-content/plugins/parallax_video_backgrounds_vc/admin/auto-update/updater.php on line 126
[26-Oct-2015 13:49:55 UTC] PHP Notice:  Undefined index: purchase_key in /var/www/vhosts/client_sites/RGN/goldwater-law-firm-2015/wp-content/plugins/parallax_video_backgrounds_vc/admin/auto-update/updater.php on line 97
[26-Oct-2015 13:49:55 UTC] PHP Notice:  Undefined variable: bsf_user_email in /var/www/vhosts/client_sites/RGN/goldwater-law-firm-2015/wp-content/plugins/parallax_video_backgrounds_vc/admin/auto-update/updater.php on line 98
[26-Oct-2015 13:49:55 UTC] PHP Notice:  Undefined variable: bsf_user_name in /var/www/vhosts/client_sites/RGN/goldwater-law-firm-2015/wp-content/plugins/parallax_video_backgrounds_vc/admin/auto-update/updater.php on line 99
[26-Oct-2015 13:49:56 UTC] PHP Notice:  Undefined index: purchase_key in /var/www/vhosts/client_sites/RGN/goldwater-law-firm-2015/wp-content/plugins/parallax_video_backgrounds_vc/admin/auto-update/updater.php on line 97
[26-Oct-2015 13:49:56 UTC] PHP Notice:  Undefined variable: bsf_user_email in /var/www/vhosts/client_sites/RGN/goldwater-law-firm-2015/wp-content/plugins/parallax_video_backgrounds_vc/admin/auto-update/updater.php on line 98
[26-Oct-2015 13:49:56 UTC] PHP Notice:  Undefined variable: bsf_user_name in /var/www/vhosts/client_sites/RGN/goldwater-law-firm-2015/wp-content/plugins/parallax_video_backgrounds_vc/admin/auto-update/updater.php on line 99
[26-Oct-2015 13:49:56 UTC] PHP Notice:  Undefined property: stdClass::$short_name in /var/www/vhosts/client_sites/RGN/goldwater-law-firm-2015/wp-content/plugins/parallax_video_backgrounds_vc/admin/auto-update/updater.php on line 126
[26-Oct-2015 13:49:56 UTC] PHP Notice:  Undefined property: stdClass::$short_name in /var/www/vhosts/client_sites/RGN/goldwater-law-firm-2015/wp-content/plugins/parallax_video_backgrounds_vc/admin/auto-update/updater.php on line 126
[27-Oct-2015 16:27:07 UTC] PHP Notice:  Trying to get property of non-object in /var/www/vhosts/client_sites/RGN/goldwater-law-firm-2015/wp-content/themes/fortuna/includes/boc_theme_options_methods.php on line 237
[27-Oct-2015 16:27:07 UTC] PHP Notice:  Trying to get property of non-object in /var/www/vhosts/client_sites/RGN/goldwater-law-firm-2015/wp-content/themes/fortuna/includes/boc_theme_options_methods.php on line 237
[28-Oct-2015 13:50:51 UTC] PHP Notice:  Undefined index: purchase_key in /var/www/vhosts/client_sites/RGN/goldwater-law-firm-2015/wp-content/plugins/parallax_video_backgrounds_vc/admin/auto-update/updater.php on line 97
[28-Oct-2015 13:50:51 UTC] PHP Notice:  Undefined variable: bsf_user_email in /var/www/vhosts/client_sites/RGN/goldwater-law-firm-2015/wp-content/plugins/parallax_video_backgrounds_vc/admin/auto-update/updater.php on line 98
[28-Oct-2015 13:50:51 UTC] PHP Notice:  Undefined variable: bsf_user_name in /var/www/vhosts/client_sites/RGN/goldwater-law-firm-2015/wp-content/plugins/parallax_video_backgrounds_vc/admin/auto-update/updater.php on line 99
[28-Oct-2015 13:50:51 UTC] PHP Notice:  Undefined index: purchase_key in /var/www/vhosts/client_sites/RGN/goldwater-law-firm-2015/wp-content/plugins/parallax_video_backgrounds_vc/admin/auto-update/updater.php on line 97
[28-Oct-2015 13:50:51 UTC] PHP Notice:  Undefined variable: bsf_user_email in /var/www/vhosts/client_sites/RGN/goldwater-law-firm-2015/wp-content/plugins/parallax_video_backgrounds_vc/admin/auto-update/updater.php on line 98
[28-Oct-2015 13:50:51 UTC] PHP Notice:  Undefined variable: bsf_user_name in /var/www/vhosts/client_sites/RGN/goldwater-law-firm-2015/wp-content/plugins/parallax_video_backgrounds_vc/admin/auto-update/updater.php on line 99
[28-Oct-2015 13:50:52 UTC] PHP Notice:  Undefined property: stdClass::$short_name in /var/www/vhosts/client_sites/RGN/goldwater-law-firm-2015/wp-content/plugins/parallax_video_backgrounds_vc/admin/auto-update/updater.php on line 126
[28-Oct-2015 13:50:52 UTC] PHP Notice:  Undefined property: stdClass::$short_name in /var/www/vhosts/client_sites/RGN/goldwater-law-firm-2015/wp-content/plugins/parallax_video_backgrounds_vc/admin/auto-update/updater.php on line 126
[28-Oct-2015 18:21:56 UTC] PHP Notice:  Undefined index: phone in /var/www/vhosts/client_sites/RGN/goldwater-law-firm-2015/wp-content/themes/fortuna/includes/boc_widgets.php on line 156
[28-Oct-2015 18:21:56 UTC] PHP Notice:  Undefined index: email in /var/www/vhosts/client_sites/RGN/goldwater-law-firm-2015/wp-content/themes/fortuna/includes/boc_widgets.php on line 160
[28-Oct-2015 18:21:56 UTC] PHP Notice:  Undefined index: address in /var/www/vhosts/client_sites/RGN/goldwater-law-firm-2015/wp-content/themes/fortuna/includes/boc_widgets.php on line 164
[28-Oct-2015 18:21:56 UTC] PHP Notice:  Undefined index: count in /var/www/vhosts/client_sites/RGN/goldwater-law-firm-2015/wp-content/themes/fortuna/includes/boc_widgets.php on line 70
[28-Oct-2015 19:45:17 UTC] PHP Notice:  Undefined index: phone in /var/www/vhosts/client_sites/RGN/goldwater-law-firm-2015/wp-content/themes/fortuna/includes/boc_widgets.php on line 156
[28-Oct-2015 19:45:17 UTC] PHP Notice:  Undefined index: email in /var/www/vhosts/client_sites/RGN/goldwater-law-firm-2015/wp-content/themes/fortuna/includes/boc_widgets.php on line 160
[28-Oct-2015 19:45:17 UTC] PHP Notice:  Undefined index: address in /var/www/vhosts/client_sites/RGN/goldwater-law-firm-2015/wp-content/themes/fortuna/includes/boc_widgets.php on line 164
[28-Oct-2015 19:45:17 UTC] PHP Notice:  Undefined index: count in /var/www/vhosts/client_sites/RGN/goldwater-law-firm-2015/wp-content/themes/fortuna/includes/boc_widgets.php on line 70
[28-Oct-2015 19:45:34 UTC] PHP Notice:  Undefined index: phone in /var/www/vhosts/client_sites/RGN/goldwater-law-firm-2015/wp-content/themes/fortuna/includes/boc_widgets.php on line 156
[28-Oct-2015 19:45:34 UTC] PHP Notice:  Undefined index: email in /var/www/vhosts/client_sites/RGN/goldwater-law-firm-2015/wp-content/themes/fortuna/includes/boc_widgets.php on line 160
[28-Oct-2015 19:45:34 UTC] PHP Notice:  Undefined index: address in /var/www/vhosts/client_sites/RGN/goldwater-law-firm-2015/wp-content/themes/fortuna/includes/boc_widgets.php on line 164
[28-Oct-2015 19:45:34 UTC] PHP Notice:  Undefined index: count in /var/www/vhosts/client_sites/RGN/goldwater-law-firm-2015/wp-content/themes/fortuna/includes/boc_widgets.php on line 70
[28-Oct-2015 19:45:39 UTC] PHP Notice:  Undefined index: phone in /var/www/vhosts/client_sites/RGN/goldwater-law-firm-2015/wp-content/themes/fortuna/includes/boc_widgets.php on line 156
[28-Oct-2015 19:45:39 UTC] PHP Notice:  Undefined index: email in /var/www/vhosts/client_sites/RGN/goldwater-law-firm-2015/wp-content/themes/fortuna/includes/boc_widgets.php on line 160
[28-Oct-2015 19:45:39 UTC] PHP Notice:  Undefined index: address in /var/www/vhosts/client_sites/RGN/goldwater-law-firm-2015/wp-content/themes/fortuna/includes/boc_widgets.php on line 164
[28-Oct-2015 19:45:39 UTC] PHP Notice:  Undefined index: count in /var/www/vhosts/client_sites/RGN/goldwater-law-firm-2015/wp-content/themes/fortuna/includes/boc_widgets.php on line 70
[28-Oct-2015 19:45:41 UTC] PHP Notice:  Undefined index: phone in /var/www/vhosts/client_sites/RGN/goldwater-law-firm-2015/wp-content/themes/fortuna/includes/boc_widgets.php on line 156
[28-Oct-2015 19:45:41 UTC] PHP Notice:  Undefined index: email in /var/www/vhosts/client_sites/RGN/goldwater-law-firm-2015/wp-content/themes/fortuna/includes/boc_widgets.php on line 160
[28-Oct-2015 19:45:41 UTC] PHP Notice:  Undefined index: address in /var/www/vhosts/client_sites/RGN/goldwater-law-firm-2015/wp-content/themes/fortuna/includes/boc_widgets.php on line 164
[28-Oct-2015 19:45:41 UTC] PHP Notice:  Undefined index: count in /var/www/vhosts/client_sites/RGN/goldwater-law-firm-2015/wp-content/themes/fortuna/includes/boc_widgets.php on line 70
[28-Oct-2015 19:45:45 UTC] PHP Notice:  Undefined index: phone in /var/www/vhosts/client_sites/RGN/goldwater-law-firm-2015/wp-content/themes/fortuna/includes/boc_widgets.php on line 156
[28-Oct-2015 19:45:45 UTC] PHP Notice:  Undefined index: email in /var/www/vhosts/client_sites/RGN/goldwater-law-firm-2015/wp-content/themes/fortuna/includes/boc_widgets.php on line 160
[28-Oct-2015 19:45:45 UTC] PHP Notice:  Undefined index: address in /var/www/vhosts/client_sites/RGN/goldwater-law-firm-2015/wp-content/themes/fortuna/includes/boc_widgets.php on line 164
[28-Oct-2015 19:45:45 UTC] PHP Notice:  Undefined index: count in /var/www/vhosts/client_sites/RGN/goldwater-law-firm-2015/wp-content/themes/fortuna/includes/boc_widgets.php on line 70
[28-Oct-2015 19:47:55 UTC] PHP Warning:  implode(): Invalid arguments passed in /var/www/vhosts/client_sites/RGN/goldwater-law-firm-2015/wp-content/plugins/essential-grid/public/essential-grid.class.php on line 172
[28-Oct-2015 19:47:55 UTC] PHP Warning:  implode(): Invalid arguments passed in /var/www/vhosts/client_sites/RGN/goldwater-law-firm-2015/wp-content/plugins/essential-grid/public/essential-grid.class.php on line 187
[28-Oct-2015 19:48:17 UTC] PHP Warning:  implode(): Invalid arguments passed in /var/www/vhosts/client_sites/RGN/goldwater-law-firm-2015/wp-content/plugins/essential-grid/public/essential-grid.class.php on line 172
[28-Oct-2015 19:48:17 UTC] PHP Warning:  implode(): Invalid arguments passed in /var/www/vhosts/client_sites/RGN/goldwater-law-firm-2015/wp-content/plugins/essential-grid/public/essential-grid.class.php on line 187
[28-Oct-2015 19:48:40 UTC] PHP Warning:  implode(): Invalid arguments passed in /var/www/vhosts/client_sites/RGN/goldwater-law-firm-2015/wp-content/plugins/essential-grid/public/essential-grid.class.php on line 172
[28-Oct-2015 19:48:40 UTC] PHP Warning:  implode(): Invalid arguments passed in /var/www/vhosts/client_sites/RGN/goldwater-law-firm-2015/wp-content/plugins/essential-grid/public/essential-grid.class.php on line 187
[28-Oct-2015 19:49:30 UTC] PHP Warning:  implode(): Invalid arguments passed in /var/www/vhosts/client_sites/RGN/goldwater-law-firm-2015/wp-content/plugins/essential-grid/public/essential-grid.class.php on line 172
[28-Oct-2015 19:49:30 UTC] PHP Warning:  implode(): Invalid arguments passed in /var/www/vhosts/client_sites/RGN/goldwater-law-firm-2015/wp-content/plugins/essential-grid/public/essential-grid.class.php on line 187
[28-Oct-2015 20:39:29 UTC] PHP Warning:  implode(): Invalid arguments passed in /var/www/vhosts/client_sites/RGN/goldwater-law-firm-2015/wp-content/plugins/essential-grid/public/essential-grid.class.php on line 172
[28-Oct-2015 20:39:29 UTC] PHP Warning:  implode(): Invalid arguments passed in /var/www/vhosts/client_sites/RGN/goldwater-law-firm-2015/wp-content/plugins/essential-grid/public/essential-grid.class.php on line 187
[28-Oct-2015 20:40:14 UTC] PHP Warning:  implode(): Invalid arguments passed in /var/www/vhosts/client_sites/RGN/goldwater-law-firm-2015/wp-content/plugins/essential-grid/public/essential-grid.class.php on line 172
[28-Oct-2015 20:40:14 UTC] PHP Warning:  implode(): Invalid arguments passed in /var/www/vhosts/client_sites/RGN/goldwater-law-firm-2015/wp-content/plugins/essential-grid/public/essential-grid.class.php on line 187
[28-Oct-2015 20:40:47 UTC] PHP Warning:  implode(): Invalid arguments passed in /var/www/vhosts/client_sites/RGN/goldwater-law-firm-2015/wp-content/plugins/essential-grid/public/essential-grid.class.php on line 172
[28-Oct-2015 20:40:47 UTC] PHP Warning:  implode(): Invalid arguments passed in /var/www/vhosts/client_sites/RGN/goldwater-law-firm-2015/wp-content/plugins/essential-grid/public/essential-grid.class.php on line 187
[28-Oct-2015 20:41:05 UTC] PHP Warning:  implode(): Invalid arguments passed in /var/www/vhosts/client_sites/RGN/goldwater-law-firm-2015/wp-content/plugins/essential-grid/public/essential-grid.class.php on line 172
[28-Oct-2015 20:41:05 UTC] PHP Warning:  implode(): Invalid arguments passed in /var/www/vhosts/client_sites/RGN/goldwater-law-firm-2015/wp-content/plugins/essential-grid/public/essential-grid.class.php on line 187
[28-Oct-2015 20:41:35 UTC] PHP Warning:  implode(): Invalid arguments passed in /var/www/vhosts/client_sites/RGN/goldwater-law-firm-2015/wp-content/plugins/essential-grid/public/essential-grid.class.php on line 172
[28-Oct-2015 20:41:35 UTC] PHP Warning:  implode(): Invalid arguments passed in /var/www/vhosts/client_sites/RGN/goldwater-law-firm-2015/wp-content/plugins/essential-grid/public/essential-grid.class.php on line 187
[28-Oct-2015 20:42:02 UTC] PHP Warning:  implode(): Invalid arguments passed in /var/www/vhosts/client_sites/RGN/goldwater-law-firm-2015/wp-content/plugins/essential-grid/public/essential-grid.class.php on line 172
[28-Oct-2015 20:42:02 UTC] PHP Warning:  implode(): Invalid arguments passed in /var/www/vhosts/client_sites/RGN/goldwater-law-firm-2015/wp-content/plugins/essential-grid/public/essential-grid.class.php on line 187
[28-Oct-2015 20:44:12 UTC] PHP Warning:  implode(): Invalid arguments passed in /var/www/vhosts/client_sites/RGN/goldwater-law-firm-2015/wp-content/plugins/essential-grid/public/essential-grid.class.php on line 172
[28-Oct-2015 20:44:12 UTC] PHP Warning:  implode(): Invalid arguments passed in /var/www/vhosts/client_sites/RGN/goldwater-law-firm-2015/wp-content/plugins/essential-grid/public/essential-grid.class.php on line 187
[28-Oct-2015 20:58:08 UTC] PHP Warning:  implode(): Invalid arguments passed in /var/www/vhosts/client_sites/RGN/goldwater-law-firm-2015/wp-content/plugins/essential-grid/public/essential-grid.class.php on line 172
[28-Oct-2015 20:58:08 UTC] PHP Warning:  implode(): Invalid arguments passed in /var/www/vhosts/client_sites/RGN/goldwater-law-firm-2015/wp-content/plugins/essential-grid/public/essential-grid.class.php on line 187
[28-Oct-2015 21:38:10 UTC] PHP Warning:  implode(): Invalid arguments passed in /var/www/vhosts/client_sites/RGN/goldwater-law-firm-2015/wp-content/plugins/essential-grid/public/essential-grid.class.php on line 172
[28-Oct-2015 21:38:10 UTC] PHP Warning:  implode(): Invalid arguments passed in /var/www/vhosts/client_sites/RGN/goldwater-law-firm-2015/wp-content/plugins/essential-grid/public/essential-grid.class.php on line 187
[29-Oct-2015 13:54:19 UTC] PHP Warning:  implode(): Invalid arguments passed in /var/www/vhosts/client_sites/RGN/goldwater-law-firm-2015/wp-content/plugins/essential-grid/public/essential-grid.class.php on line 172
[29-Oct-2015 13:54:19 UTC] PHP Warning:  implode(): Invalid arguments passed in /var/www/vhosts/client_sites/RGN/goldwater-law-firm-2015/wp-content/plugins/essential-grid/public/essential-grid.class.php on line 187
[29-Oct-2015 13:54:30 UTC] PHP Warning:  implode(): Invalid arguments passed in /var/www/vhosts/client_sites/RGN/goldwater-law-firm-2015/wp-content/plugins/essential-grid/public/essential-grid.class.php on line 172
[29-Oct-2015 13:54:30 UTC] PHP Warning:  implode(): Invalid arguments passed in /var/www/vhosts/client_sites/RGN/goldwater-law-firm-2015/wp-content/plugins/essential-grid/public/essential-grid.class.php on line 187
[29-Oct-2015 13:54:30 UTC] PHP Warning:  implode(): Invalid arguments passed in /var/www/vhosts/client_sites/RGN/goldwater-law-firm-2015/wp-content/plugins/essential-grid/public/essential-grid.class.php on line 172
[29-Oct-2015 13:54:30 UTC] PHP Warning:  implode(): Invalid arguments passed in /var/www/vhosts/client_sites/RGN/goldwater-law-firm-2015/wp-content/plugins/essential-grid/public/essential-grid.class.php on line 187
[29-Oct-2015 13:54:33 UTC] PHP Warning:  implode(): Invalid arguments passed in /var/www/vhosts/client_sites/RGN/goldwater-law-firm-2015/wp-content/plugins/essential-grid/public/essential-grid.class.php on line 172
[29-Oct-2015 13:54:33 UTC] PHP Warning:  implode(): Invalid arguments passed in /var/www/vhosts/client_sites/RGN/goldwater-law-firm-2015/wp-content/plugins/essential-grid/public/essential-grid.class.php on line 187
[29-Oct-2015 13:58:37 UTC] PHP Notice:  Undefined index: helvetica in /var/www/vhosts/client_sites/RGN/goldwater-law-firm-2015/wp-content/themes/fortuna/includes/boc_framework.php on line 909
[29-Oct-2015 13:58:38 UTC] PHP Warning:  implode(): Invalid arguments passed in /var/www/vhosts/client_sites/RGN/goldwater-law-firm-2015/wp-content/plugins/essential-grid/public/essential-grid.class.php on line 172
[29-Oct-2015 13:58:38 UTC] PHP Warning:  implode(): Invalid arguments passed in /var/www/vhosts/client_sites/RGN/goldwater-law-firm-2015/wp-content/plugins/essential-grid/public/essential-grid.class.php on line 187
[29-Oct-2015 14:02:41 UTC] PHP Notice:  Undefined index: helvetica in /var/www/vhosts/client_sites/RGN/goldwater-law-firm-2015/wp-content/themes/fortuna/includes/boc_framework.php on line 909
[29-Oct-2015 14:02:41 UTC] PHP Warning:  implode(): Invalid arguments passed in /var/www/vhosts/client_sites/RGN/goldwater-law-firm-2015/wp-content/plugins/essential-grid/public/essential-grid.class.php on line 172
[29-Oct-2015 14:02:41 UTC] PHP Warning:  implode(): Invalid arguments passed in /var/www/vhosts/client_sites/RGN/goldwater-law-firm-2015/wp-content/plugins/essential-grid/public/essential-grid.class.php on line 187
[29-Oct-2015 14:02:41 UTC] PHP Notice:  Undefined index: helvetica in /var/www/vhosts/client_sites/RGN/goldwater-law-firm-2015/wp-content/themes/fortuna/includes/boc_framework.php on line 909
[29-Oct-2015 14:02:41 UTC] PHP Warning:  implode(): Invalid arguments passed in /var/www/vhosts/client_sites/RGN/goldwater-law-firm-2015/wp-content/plugins/essential-grid/public/essential-grid.class.php on line 172
[29-Oct-2015 14:02:41 UTC] PHP Warning:  implode(): Invalid arguments passed in /var/www/vhosts/client_sites/RGN/goldwater-law-firm-2015/wp-content/plugins/essential-grid/public/essential-grid.class.php on line 187
[29-Oct-2015 14:02:50 UTC] PHP Notice:  Undefined index: helvetica in /var/www/vhosts/client_sites/RGN/goldwater-law-firm-2015/wp-content/themes/fortuna/includes/boc_framework.php on line 909
[29-Oct-2015 14:02:53 UTC] PHP Notice:  Undefined index: helvetica in /var/www/vhosts/client_sites/RGN/goldwater-law-firm-2015/wp-content/themes/fortuna/includes/boc_framework.php on line 909
[29-Oct-2015 14:02:53 UTC] PHP Warning:  implode(): Invalid arguments passed in /var/www/vhosts/client_sites/RGN/goldwater-law-firm-2015/wp-content/plugins/essential-grid/public/essential-grid.class.php on line 172
[29-Oct-2015 14:02:53 UTC] PHP Warning:  implode(): Invalid arguments passed in /var/www/vhosts/client_sites/RGN/goldwater-law-firm-2015/wp-content/plugins/essential-grid/public/essential-grid.class.php on line 187
[29-Oct-2015 14:07:58 UTC] PHP Notice:  Undefined index: helvetica in /var/www/vhosts/client_sites/RGN/goldwater-law-firm-2015/wp-content/themes/fortuna/includes/boc_framework.php on line 909
[29-Oct-2015 14:07:58 UTC] PHP Warning:  implode(): Invalid arguments passed in /var/www/vhosts/client_sites/RGN/goldwater-law-firm-2015/wp-content/plugins/essential-grid/public/essential-grid.class.php on line 172
[29-Oct-2015 14:07:58 UTC] PHP Warning:  implode(): Invalid arguments passed in /var/www/vhosts/client_sites/RGN/goldwater-law-firm-2015/wp-content/plugins/essential-grid/public/essential-grid.class.php on line 187
[29-Oct-2015 14:32:41 UTC] PHP Notice:  Undefined index: helvetica in /var/www/vhosts/client_sites/RGN/goldwater-law-firm-2015/wp-content/themes/fortuna/includes/boc_framework.php on line 909
[29-Oct-2015 14:32:41 UTC] PHP Warning:  implode(): Invalid arguments passed in /var/www/vhosts/client_sites/RGN/goldwater-law-firm-2015/wp-content/plugins/essential-grid/public/essential-grid.class.php on line 172
[29-Oct-2015 14:32:41 UTC] PHP Warning:  implode(): Invalid arguments passed in /var/www/vhosts/client_sites/RGN/goldwater-law-firm-2015/wp-content/plugins/essential-grid/public/essential-grid.class.php on line 187
[29-Oct-2015 14:33:17 UTC] PHP Notice:  Undefined index: helvetica in /var/www/vhosts/client_sites/RGN/goldwater-law-firm-2015/wp-content/themes/fortuna/includes/boc_framework.php on line 909
[29-Oct-2015 14:34:39 UTC] PHP Notice:  Undefined index: helvetica in /var/www/vhosts/client_sites/RGN/goldwater-law-firm-2015/wp-content/themes/fortuna/includes/boc_framework.php on line 909
[29-Oct-2015 14:48:53 UTC] PHP Notice:  Undefined index: helvetica in /var/www/vhosts/client_sites/RGN/goldwater-law-firm-2015/wp-content/themes/fortuna/includes/boc_framework.php on line 909
[29-Oct-2015 14:52:08 UTC] PHP Notice:  Undefined index: helvetica in /var/www/vhosts/client_sites/RGN/goldwater-law-firm-2015/wp-content/themes/fortuna/includes/boc_framework.php on line 909
[29-Oct-2015 14:53:09 UTC] PHP Notice:  Undefined index: helvetica in /var/www/vhosts/client_sites/RGN/goldwater-law-firm-2015/wp-content/themes/fortuna/includes/boc_framework.php on line 909
[29-Oct-2015 14:55:06 UTC] PHP Notice:  Undefined index: helvetica in /var/www/vhosts/client_sites/RGN/goldwater-law-firm-2015/wp-content/themes/fortuna/includes/boc_framework.php on line 909
[29-Oct-2015 14:55:59 UTC] PHP Notice:  Undefined index: helvetica in /var/www/vhosts/client_sites/RGN/goldwater-law-firm-2015/wp-content/themes/fortuna/includes/boc_framework.php on line 909
[29-Oct-2015 14:56:10 UTC] PHP Notice:  Undefined index: helvetica in /var/www/vhosts/client_sites/RGN/goldwater-law-firm-2015/wp-content/themes/fortuna/includes/boc_framework.php on line 909
[29-Oct-2015 14:56:26 UTC] PHP Notice:  Undefined index: helvetica in /var/www/vhosts/client_sites/RGN/goldwater-law-firm-2015/wp-content/themes/fortuna/includes/boc_framework.php on line 909
[29-Oct-2015 14:58:01 UTC] PHP Notice:  Undefined index: helvetica in /var/www/vhosts/client_sites/RGN/goldwater-law-firm-2015/wp-content/themes/fortuna/includes/boc_framework.php on line 909
[29-Oct-2015 15:01:45 UTC] PHP Notice:  Undefined index: helvetica in /var/www/vhosts/client_sites/RGN/goldwater-law-firm-2015/wp-content/themes/fortuna/includes/boc_framework.php on line 909
[29-Oct-2015 15:03:48 UTC] PHP Notice:  Undefined index: helvetica in /var/www/vhosts/client_sites/RGN/goldwater-law-firm-2015/wp-content/themes/fortuna/includes/boc_framework.php on line 909
[29-Oct-2015 15:05:20 UTC] PHP Notice:  Undefined index: helvetica in /var/www/vhosts/client_sites/RGN/goldwater-law-firm-2015/wp-content/themes/fortuna/includes/boc_framework.php on line 909
[29-Oct-2015 15:12:27 UTC] PHP Notice:  Undefined index: helvetica in /var/www/vhosts/client_sites/RGN/goldwater-law-firm-2015/wp-content/themes/fortuna/includes/boc_framework.php on line 909
[29-Oct-2015 15:16:49 UTC] PHP Notice:  Undefined index: helvetica in /var/www/vhosts/client_sites/RGN/goldwater-law-firm-2015/wp-content/themes/fortuna/includes/boc_framework.php on line 909
[29-Oct-2015 15:19:06 UTC] PHP Notice:  Undefined index: helvetica in /var/www/vhosts/client_sites/RGN/goldwater-law-firm-2015/wp-content/themes/fortuna/includes/boc_framework.php on line 909
[29-Oct-2015 15:20:27 UTC] PHP Notice:  Undefined index: helvetica in /var/www/vhosts/client_sites/RGN/goldwater-law-firm-2015/wp-content/themes/fortuna/includes/boc_framework.php on line 909
[29-Oct-2015 15:20:39 UTC] PHP Notice:  Undefined index: helvetica in /var/www/vhosts/client_sites/RGN/goldwater-law-firm-2015/wp-content/themes/fortuna/includes/boc_framework.php on line 909
[29-Oct-2015 15:20:42 UTC] PHP Notice:  Undefined index: helvetica in /var/www/vhosts/client_sites/RGN/goldwater-law-firm-2015/wp-content/themes/fortuna/includes/boc_framework.php on line 909
[29-Oct-2015 15:21:05 UTC] PHP Notice:  Undefined index: helvetica in /var/www/vhosts/client_sites/RGN/goldwater-law-firm-2015/wp-content/themes/fortuna/includes/boc_framework.php on line 909
[29-Oct-2015 15:27:25 UTC] PHP Notice:  Undefined index: helvetica in /var/www/vhosts/client_sites/RGN/goldwater-law-firm-2015/wp-content/themes/fortuna/includes/boc_framework.php on line 909
[29-Oct-2015 15:27:31 UTC] PHP Notice:  Undefined index: helvetica in /var/www/vhosts/client_sites/RGN/goldwater-law-firm-2015/wp-content/themes/fortuna/includes/boc_framework.php on line 909
[29-Oct-2015 15:30:11 UTC] PHP Notice:  Undefined index: helvetica in /var/www/vhosts/client_sites/RGN/goldwater-law-firm-2015/wp-content/themes/fortuna/includes/boc_framework.php on line 909
[29-Oct-2015 15:30:15 UTC] PHP Notice:  Undefined index: helvetica in /var/www/vhosts/client_sites/RGN/goldwater-law-firm-2015/wp-content/themes/fortuna/includes/boc_framework.php on line 909
[29-Oct-2015 15:30:15 UTC] PHP Notice:  Undefined index: helvetica in /var/www/vhosts/client_sites/RGN/goldwater-law-firm-2015/wp-content/themes/fortuna/includes/boc_framework.php on line 909
[29-Oct-2015 15:30:15 UTC] PHP Notice:  Undefined index: helvetica in /var/www/vhosts/client_sites/RGN/goldwater-law-firm-2015/wp-content/themes/fortuna/includes/boc_framework.php on line 909
[29-Oct-2015 15:30:16 UTC] PHP Notice:  Undefined index: helvetica in /var/www/vhosts/client_sites/RGN/goldwater-law-firm-2015/wp-content/themes/fortuna/includes/boc_framework.php on line 909
[29-Oct-2015 15:30:16 UTC] PHP Notice:  Undefined index: helvetica in /var/www/vhosts/client_sites/RGN/goldwater-law-firm-2015/wp-content/themes/fortuna/includes/boc_framework.php on line 909
[29-Oct-2015 15:30:30 UTC] PHP Notice:  Undefined index: helvetica in /var/www/vhosts/client_sites/RGN/goldwater-law-firm-2015/wp-content/themes/fortuna/includes/boc_framework.php on line 909
[29-Oct-2015 15:30:30 UTC] PHP Notice:  Undefined index: helvetica in /var/www/vhosts/client_sites/RGN/goldwater-law-firm-2015/wp-content/themes/fortuna/includes/boc_framework.php on line 909
[29-Oct-2015 15:30:30 UTC] PHP Notice:  Undefined index: helvetica in /var/www/vhosts/client_sites/RGN/goldwater-law-firm-2015/wp-content/themes/fortuna/includes/boc_framework.php on line 909
[29-Oct-2015 15:30:31 UTC] PHP Notice:  Undefined index: helvetica in /var/www/vhosts/client_sites/RGN/goldwater-law-firm-2015/wp-content/themes/fortuna/includes/boc_framework.php on line 909
[29-Oct-2015 15:32:02 UTC] PHP Notice:  Undefined index: helvetica in /var/www/vhosts/client_sites/RGN/goldwater-law-firm-2015/wp-content/themes/fortuna/includes/boc_framework.php on line 909
[29-Oct-2015 15:32:05 UTC] PHP Notice:  Undefined index: helvetica in /var/www/vhosts/client_sites/RGN/goldwater-law-firm-2015/wp-content/themes/fortuna/includes/boc_framework.php on line 909
[29-Oct-2015 15:32:51 UTC] PHP Notice:  Undefined index: helvetica in /var/www/vhosts/client_sites/RGN/goldwater-law-firm-2015/wp-content/themes/fortuna/includes/boc_framework.php on line 909
[29-Oct-2015 15:33:28 UTC] PHP Notice:  Undefined index: helvetica in /var/www/vhosts/client_sites/RGN/goldwater-law-firm-2015/wp-content/themes/fortuna/includes/boc_framework.php on line 909
[29-Oct-2015 15:33:50 UTC] PHP Notice:  Undefined index: helvetica in /var/www/vhosts/client_sites/RGN/goldwater-law-firm-2015/wp-content/themes/fortuna/includes/boc_framework.php on line 909
[29-Oct-2015 15:34:06 UTC] PHP Notice:  Undefined index: helvetica in /var/www/vhosts/client_sites/RGN/goldwater-law-firm-2015/wp-content/themes/fortuna/includes/boc_framework.php on line 909
[29-Oct-2015 15:34:19 UTC] PHP Notice:  Undefined index: helvetica in /var/www/vhosts/client_sites/RGN/goldwater-law-firm-2015/wp-content/themes/fortuna/includes/boc_framework.php on line 909
[29-Oct-2015 15:36:17 UTC] PHP Notice:  Undefined index: helvetica in /var/www/vhosts/client_sites/RGN/goldwater-law-firm-2015/wp-content/themes/fortuna/includes/boc_framework.php on line 909
[29-Oct-2015 15:36:21 UTC] PHP Notice:  Undefined index: helvetica in /var/www/vhosts/client_sites/RGN/goldwater-law-firm-2015/wp-content/themes/fortuna/includes/boc_framework.php on line 909
[29-Oct-2015 15:38:12 UTC] PHP Notice:  Undefined index: helvetica in /var/www/vhosts/client_sites/RGN/goldwater-law-firm-2015/wp-content/themes/fortuna/includes/boc_framework.php on line 909
[29-Oct-2015 15:39:00 UTC] PHP Notice:  Undefined index: helvetica in /var/www/vhosts/client_sites/RGN/goldwater-law-firm-2015/wp-content/themes/fortuna/includes/boc_framework.php on line 909
[29-Oct-2015 15:42:12 UTC] PHP Notice:  Undefined index: helvetica in /var/www/vhosts/client_sites/RGN/goldwater-law-firm-2015/wp-content/themes/fortuna/includes/boc_framework.php on line 909
[29-Oct-2015 15:42:47 UTC] PHP Notice:  Undefined index: helvetica in /var/www/vhosts/client_sites/RGN/goldwater-law-firm-2015/wp-content/themes/fortuna/includes/boc_framework.php on line 909
[29-Oct-2015 15:43:53 UTC] PHP Notice:  Undefined index: helvetica in /var/www/vhosts/client_sites/RGN/goldwater-law-firm-2015/wp-content/themes/fortuna/includes/boc_framework.php on line 909
[29-Oct-2015 15:44:49 UTC] PHP Notice:  Undefined index: helvetica in /var/www/vhosts/client_sites/RGN/goldwater-law-firm-2015/wp-content/themes/fortuna/includes/boc_framework.php on line 909
[29-Oct-2015 15:45:16 UTC] PHP Notice:  Undefined index: helvetica in /var/www/vhosts/client_sites/RGN/goldwater-law-firm-2015/wp-content/themes/fortuna/includes/boc_framework.php on line 909
[29-Oct-2015 15:45:56 UTC] PHP Notice:  Undefined index: helvetica in /var/www/vhosts/client_sites/RGN/goldwater-law-firm-2015/wp-content/themes/fortuna/includes/boc_framework.php on line 909
[29-Oct-2015 15:46:27 UTC] PHP Notice:  Undefined index: helvetica in /var/www/vhosts/client_sites/RGN/goldwater-law-firm-2015/wp-content/themes/fortuna/includes/boc_framework.php on line 909
[29-Oct-2015 15:50:45 UTC] PHP Notice:  Undefined index: helvetica in /var/www/vhosts/client_sites/RGN/goldwater-law-firm-2015/wp-content/themes/fortuna/includes/boc_framework.php on line 909
[29-Oct-2015 15:51:27 UTC] PHP Notice:  Undefined index: helvetica in /var/www/vhosts/client_sites/RGN/goldwater-law-firm-2015/wp-content/themes/fortuna/includes/boc_framework.php on line 909
[29-Oct-2015 15:51:45 UTC] PHP Notice:  Undefined index: helvetica in /var/www/vhosts/client_sites/RGN/goldwater-law-firm-2015/wp-content/themes/fortuna/includes/boc_framework.php on line 909
[29-Oct-2015 15:51:54 UTC] PHP Notice:  Undefined index: helvetica in /var/www/vhosts/client_sites/RGN/goldwater-law-firm-2015/wp-content/themes/fortuna/includes/boc_framework.php on line 909
[29-Oct-2015 15:52:36 UTC] PHP Notice:  Undefined index: helvetica in /var/www/vhosts/client_sites/RGN/goldwater-law-firm-2015/wp-content/themes/fortuna/includes/boc_framework.php on line 909
[29-Oct-2015 16:06:43 UTC] PHP Notice:  Undefined index: helvetica in /var/www/vhosts/client_sites/RGN/goldwater-law-firm-2015/wp-content/themes/fortuna/includes/boc_framework.php on line 909
[29-Oct-2015 16:08:40 UTC] PHP Notice:  Undefined index: helvetica in /var/www/vhosts/client_sites/RGN/goldwater-law-firm-2015/wp-content/themes/fortuna/includes/boc_framework.php on line 909
[29-Oct-2015 16:08:46 UTC] PHP Notice:  Undefined index: helvetica in /var/www/vhosts/client_sites/RGN/goldwater-law-firm-2015/wp-content/themes/fortuna/includes/boc_framework.php on line 909
[29-Oct-2015 16:13:07 UTC] PHP Notice:  Undefined index: helvetica in /var/www/vhosts/client_sites/RGN/goldwater-law-firm-2015/wp-content/themes/fortuna/includes/boc_framework.php on line 909
[29-Oct-2015 16:14:20 UTC] PHP Notice:  Undefined index: helvetica in /var/www/vhosts/client_sites/RGN/goldwater-law-firm-2015/wp-content/themes/fortuna/includes/boc_framework.php on line 909
[29-Oct-2015 16:18:07 UTC] PHP Notice:  Undefined index: helvetica in /var/www/vhosts/client_sites/RGN/goldwater-law-firm-2015/wp-content/themes/fortuna/includes/boc_framework.php on line 909
[29-Oct-2015 16:19:17 UTC] PHP Notice:  Undefined index: helvetica in /var/www/vhosts/client_sites/RGN/goldwater-law-firm-2015/wp-content/themes/fortuna/includes/boc_framework.php on line 909
[29-Oct-2015 16:19:19 UTC] PHP Notice:  Undefined index: helvetica in /var/www/vhosts/client_sites/RGN/goldwater-law-firm-2015/wp-content/themes/fortuna/includes/boc_framework.php on line 909
[29-Oct-2015 16:19:33 UTC] PHP Notice:  Undefined index: helvetica in /var/www/vhosts/client_sites/RGN/goldwater-law-firm-2015/wp-content/themes/fortuna/includes/boc_framework.php on line 909
[29-Oct-2015 16:20:38 UTC] PHP Notice:  Undefined index: helvetica in /var/www/vhosts/client_sites/RGN/goldwater-law-firm-2015/wp-content/themes/fortuna/includes/boc_framework.php on line 909
[29-Oct-2015 19:34:40 UTC] PHP Notice:  Undefined index: phone in /var/www/vhosts/client_sites/RGN/goldwater-law-firm-2015/wp-content/themes/fortuna/includes/boc_widgets.php on line 156
[29-Oct-2015 19:34:40 UTC] PHP Notice:  Undefined index: email in /var/www/vhosts/client_sites/RGN/goldwater-law-firm-2015/wp-content/themes/fortuna/includes/boc_widgets.php on line 160
[29-Oct-2015 19:34:40 UTC] PHP Notice:  Undefined index: address in /var/www/vhosts/client_sites/RGN/goldwater-law-firm-2015/wp-content/themes/fortuna/includes/boc_widgets.php on line 164
[29-Oct-2015 19:34:40 UTC] PHP Notice:  Undefined index: count in /var/www/vhosts/client_sites/RGN/goldwater-law-firm-2015/wp-content/themes/fortuna/includes/boc_widgets.php on line 70
[29-Oct-2015 19:35:48 UTC] PHP Notice:  Undefined index: frm_date_format in /var/www/vhosts/client_sites/RGN/goldwater-law-firm-2015/wp-content/plugins/formidable/pro/classes/models/FrmProSettings.php on line 33
[29-Oct-2015 20:06:12 UTC] PHP Notice:  Undefined index: phone in /var/www/vhosts/client_sites/RGN/goldwater-law-firm-2015/wp-content/themes/fortuna/includes/boc_widgets.php on line 156
[29-Oct-2015 20:06:12 UTC] PHP Notice:  Undefined index: email in /var/www/vhosts/client_sites/RGN/goldwater-law-firm-2015/wp-content/themes/fortuna/includes/boc_widgets.php on line 160
[29-Oct-2015 20:06:12 UTC] PHP Notice:  Undefined index: address in /var/www/vhosts/client_sites/RGN/goldwater-law-firm-2015/wp-content/themes/fortuna/includes/boc_widgets.php on line 164
[29-Oct-2015 20:06:12 UTC] PHP Notice:  Undefined index: count in /var/www/vhosts/client_sites/RGN/goldwater-law-firm-2015/wp-content/themes/fortuna/includes/boc_widgets.php on line 70
[29-Oct-2015 20:07:11 UTC] PHP Notice:  Undefined index: fax in /var/www/vhosts/client_sites/RGN/goldwater-law-firm-2015/wp-content/themes/fortuna/includes/boc_widgets.php on line 139
[29-Oct-2015 20:07:11 UTC] PHP Notice:  Undefined index: web in /var/www/vhosts/client_sites/RGN/goldwater-law-firm-2015/wp-content/themes/fortuna/includes/boc_widgets.php on line 141
[29-Oct-2015 20:07:27 UTC] PHP Notice:  Undefined index: fax in /var/www/vhosts/client_sites/RGN/goldwater-law-firm-2015/wp-content/themes/fortuna/includes/boc_widgets.php on line 139
[29-Oct-2015 20:07:27 UTC] PHP Notice:  Undefined index: web in /var/www/vhosts/client_sites/RGN/goldwater-law-firm-2015/wp-content/themes/fortuna/includes/boc_widgets.php on line 141
[29-Oct-2015 20:07:54 UTC] PHP Notice:  Undefined index: fax in /var/www/vhosts/client_sites/RGN/goldwater-law-firm-2015/wp-content/themes/fortuna/includes/boc_widgets.php on line 139
[29-Oct-2015 20:07:54 UTC] PHP Notice:  Undefined index: web in /var/www/vhosts/client_sites/RGN/goldwater-law-firm-2015/wp-content/themes/fortuna/includes/boc_widgets.php on line 141
[29-Oct-2015 20:38:47 UTC] PHP Notice:  Undefined index: phone in /var/www/vhosts/client_sites/RGN/goldwater-law-firm-2015/wp-content/themes/fortuna/includes/boc_widgets.php on line 156
[29-Oct-2015 20:38:47 UTC] PHP Notice:  Undefined index: email in /var/www/vhosts/client_sites/RGN/goldwater-law-firm-2015/wp-content/themes/fortuna/includes/boc_widgets.php on line 160
[29-Oct-2015 20:38:47 UTC] PHP Notice:  Undefined index: address in /var/www/vhosts/client_sites/RGN/goldwater-law-firm-2015/wp-content/themes/fortuna/includes/boc_widgets.php on line 164
[29-Oct-2015 20:38:47 UTC] PHP Notice:  Undefined index: count in /var/www/vhosts/client_sites/RGN/goldwater-law-firm-2015/wp-content/themes/fortuna/includes/boc_widgets.php on line 70
